0 info it worked if it ends with ok
1 verbose cli [ 'C:\\Program Files\\nodejs\\node.exe',
1 verbose cli   'C:\\Program Files\\nodejs\\node_modules\\npm\\bin\\npm-cli.js',
1 verbose cli   'install' ]
2 info using npm@3.8.2
3 info using node@v4.2.1
4 silly loadCurrentTree Starting
5 silly install loadCurrentTree
6 silly install readLocalPackageData
7 silly install normalizeTree
8 silly loadCurrentTree Finishing
9 silly loadIdealTree Starting
10 silly install loadIdealTree
11 silly cloneCurrentTree Starting
12 silly install cloneCurrentTreeToIdealTree
13 silly cloneCurrentTree Finishing
14 silly loadShrinkwrap Starting
15 silly install loadShrinkwrap
16 silly loadShrinkwrap Finishing
17 silly loadAllDepsIntoIdealTree Starting
18 silly install loadAllDepsIntoIdealTree
19 silly loadAllDepsIntoIdealTree Finishing
20 silly idealTree:prePrune parser
20 silly idealTree:prePrune +-- abab@1.0.3
20 silly idealTree:prePrune +-- acorn-globals@1.0.9
20 silly idealTree:prePrune +-- acorn@2.7.0
20 silly idealTree:prePrune +-- amdefine@1.0.0
20 silly idealTree:prePrune +-- ansi-regex@2.0.0
20 silly idealTree:prePrune +-- ansi-styles@2.2.1
20 silly idealTree:prePrune +-- array-equal@1.0.0
20 silly idealTree:prePrune +-- asn1@0.2.3
20 silly idealTree:prePrune +-- assert-plus@0.2.0
20 silly idealTree:prePrune +-- async@1.5.2
20 silly idealTree:prePrune +-- aws-sign2@0.6.0
20 silly idealTree:prePrune +-- aws4@1.4.1
20 silly idealTree:prePrune +-- bl@1.1.2
20 silly idealTree:prePrune +-- boom@2.10.1
20 silly idealTree:prePrune +-- caseless@0.11.0
20 silly idealTree:prePrune +-- chalk@1.1.3
20 silly idealTree:prePrune +-- combined-stream@1.0.5
20 silly idealTree:prePrune +-- commander@2.9.0
20 silly idealTree:prePrune +-- core-util-is@1.0.2
20 silly idealTree:prePrune +-- cryptiles@2.0.5
20 silly idealTree:prePrune +-- cssom@0.3.1
20 silly idealTree:prePrune +-- cssstyle@0.2.34
20 silly idealTree:prePrune +-- dashdash@1.13.1
20 silly idealTree:prePrune | `-- assert-plus@1.0.0
20 silly idealTree:prePrune +-- deep-is@0.1.3
20 silly idealTree:prePrune +-- delayed-stream@1.0.0
20 silly idealTree:prePrune +-- ecc-jsbn@0.1.1
20 silly idealTree:prePrune +-- escape-string-regexp@1.0.5
20 silly idealTree:prePrune +-- escodegen@1.8.0
20 silly idealTree:prePrune +-- esprima@2.7.2
20 silly idealTree:prePrune +-- estraverse@1.9.3
20 silly idealTree:prePrune +-- esutils@2.0.2
20 silly idealTree:prePrune +-- extend@3.0.0
20 silly idealTree:prePrune +-- extsprintf@1.0.2
20 silly idealTree:prePrune +-- fast-levenshtein@1.1.3
20 silly idealTree:prePrune +-- forever-agent@0.6.1
20 silly idealTree:prePrune +-- form-data@1.0.0-rc4
20 silly idealTree:prePrune +-- generate-function@2.0.0
20 silly idealTree:prePrune +-- generate-object-property@1.2.0
20 silly idealTree:prePrune +-- getpass@0.1.6
20 silly idealTree:prePrune | `-- assert-plus@1.0.0
20 silly idealTree:prePrune +-- graceful-readlink@1.0.1
20 silly idealTree:prePrune +-- har-validator@2.0.6
20 silly idealTree:prePrune +-- has-ansi@2.0.0
20 silly idealTree:prePrune +-- hawk@3.1.3
20 silly idealTree:prePrune +-- hoek@2.16.3
20 silly idealTree:prePrune +-- http-signature@1.1.1
20 silly idealTree:prePrune +-- iconv-lite@0.4.13
20 silly idealTree:prePrune +-- inherits@2.0.1
20 silly idealTree:prePrune +-- is-my-json-valid@2.13.1
20 silly idealTree:prePrune +-- is-property@1.0.2
20 silly idealTree:prePrune +-- is-typedarray@1.0.0
20 silly idealTree:prePrune +-- isarray@1.0.0
20 silly idealTree:prePrune +-- isstream@0.1.2
20 silly idealTree:prePrune +-- jodid25519@1.0.2
20 silly idealTree:prePrune +-- jquery@2.2.3
20 silly idealTree:prePrune +-- jsbn@0.1.0
20 silly idealTree:prePrune +-- jsdom@9.0.0
20 silly idealTree:prePrune +-- json-schema@0.2.2
20 silly idealTree:prePrune +-- json-stringify-safe@5.0.1
20 silly idealTree:prePrune +-- jsonpointer@2.0.0
20 silly idealTree:prePrune +-- jsprim@1.2.2
20 silly idealTree:prePrune +-- levn@0.3.0
20 silly idealTree:prePrune +-- mime-db@1.23.0
20 silly idealTree:prePrune +-- mime-types@2.1.11
20 silly idealTree:prePrune +-- node-uuid@1.4.7
20 silly idealTree:prePrune +-- nwmatcher@1.3.7
20 silly idealTree:prePrune +-- oauth-sign@0.8.2
20 silly idealTree:prePrune +-- optionator@0.8.1
20 silly idealTree:prePrune +-- parse5@1.5.1
20 silly idealTree:prePrune +-- path@0.12.7
20 silly idealTree:prePrune +-- pinkie-promise@2.0.1
20 silly idealTree:prePrune +-- pinkie@2.0.4
20 silly idealTree:prePrune +-- pluralize@2.0.0
20 silly idealTree:prePrune +-- prelude-ls@1.1.2
20 silly idealTree:prePrune +-- process-nextick-args@1.0.7
20 silly idealTree:prePrune +-- process@0.11.3
20 silly idealTree:prePrune +-- qs@6.1.0
20 silly idealTree:prePrune +-- readable-stream@2.0.6
20 silly idealTree:prePrune +-- request@2.72.0
20 silly idealTree:prePrune +-- rpgparser@1.0.3
20 silly idealTree:prePrune +-- sax@1.2.1
20 silly idealTree:prePrune +-- sntp@1.0.9
20 silly idealTree:prePrune +-- source-map@0.2.0
20 silly idealTree:prePrune +-- sshpk@1.8.3
20 silly idealTree:prePrune | `-- assert-plus@1.0.0
20 silly idealTree:prePrune +-- string_decoder@0.10.31
20 silly idealTree:prePrune +-- stringstream@0.0.5
20 silly idealTree:prePrune +-- strip-ansi@3.0.1
20 silly idealTree:prePrune +-- supports-color@2.0.0
20 silly idealTree:prePrune +-- symbol-tree@3.1.4
20 silly idealTree:prePrune +-- tough-cookie@2.2.2
20 silly idealTree:prePrune +-- tr46@0.0.3
20 silly idealTree:prePrune +-- tunnel-agent@0.4.3
20 silly idealTree:prePrune +-- tweetnacl@0.13.3
20 silly idealTree:prePrune +-- type-check@0.3.2
20 silly idealTree:prePrune +-- util-deprecate@1.0.2
20 silly idealTree:prePrune +-- util@0.10.3
20 silly idealTree:prePrune +-- verror@1.3.6
20 silly idealTree:prePrune +-- webidl-conversions@3.0.1
20 silly idealTree:prePrune +-- whatwg-url@2.0.1
20 silly idealTree:prePrune +-- wordwrap@1.0.0
20 silly idealTree:prePrune +-- xml-name-validator@2.0.1
20 silly idealTree:prePrune `-- xtend@4.0.1
21 silly loadIdealTree Finishing
22 silly currentTree parser
22 silly currentTree +-- abab@1.0.3
22 silly currentTree +-- acorn-globals@1.0.9
22 silly currentTree +-- acorn@2.7.0
22 silly currentTree +-- amdefine@1.0.0
22 silly currentTree +-- ansi-regex@2.0.0
22 silly currentTree +-- ansi-styles@2.2.1
22 silly currentTree +-- array-equal@1.0.0
22 silly currentTree +-- asn1@0.2.3
22 silly currentTree +-- assert-plus@0.2.0
22 silly currentTree +-- async@1.5.2
22 silly currentTree +-- aws-sign2@0.6.0
22 silly currentTree +-- aws4@1.4.1
22 silly currentTree +-- bl@1.1.2
22 silly currentTree +-- boom@2.10.1
22 silly currentTree +-- caseless@0.11.0
22 silly currentTree +-- chalk@1.1.3
22 silly currentTree +-- combined-stream@1.0.5
22 silly currentTree +-- commander@2.9.0
22 silly currentTree +-- core-util-is@1.0.2
22 silly currentTree +-- cryptiles@2.0.5
22 silly currentTree +-- cssom@0.3.1
22 silly currentTree +-- cssstyle@0.2.34
22 silly currentTree +-- dashdash@1.13.1
22 silly currentTree | `-- assert-plus@1.0.0
22 silly currentTree +-- deep-is@0.1.3
22 silly currentTree +-- delayed-stream@1.0.0
22 silly currentTree +-- ecc-jsbn@0.1.1
22 silly currentTree +-- escape-string-regexp@1.0.5
22 silly currentTree +-- escodegen@1.8.0
22 silly currentTree +-- esprima@2.7.2
22 silly currentTree +-- estraverse@1.9.3
22 silly currentTree +-- esutils@2.0.2
22 silly currentTree +-- extend@3.0.0
22 silly currentTree +-- extsprintf@1.0.2
22 silly currentTree +-- fast-levenshtein@1.1.3
22 silly currentTree +-- forever-agent@0.6.1
22 silly currentTree +-- form-data@1.0.0-rc4
22 silly currentTree +-- generate-function@2.0.0
22 silly currentTree +-- generate-object-property@1.2.0
22 silly currentTree +-- getpass@0.1.6
22 silly currentTree | `-- assert-plus@1.0.0
22 silly currentTree +-- graceful-readlink@1.0.1
22 silly currentTree +-- har-validator@2.0.6
22 silly currentTree +-- has-ansi@2.0.0
22 silly currentTree +-- hawk@3.1.3
22 silly currentTree +-- hoek@2.16.3
22 silly currentTree +-- http-signature@1.1.1
22 silly currentTree +-- iconv-lite@0.4.13
22 silly currentTree +-- inherits@2.0.1
22 silly currentTree +-- is-my-json-valid@2.13.1
22 silly currentTree +-- is-property@1.0.2
22 silly currentTree +-- is-typedarray@1.0.0
22 silly currentTree +-- isarray@1.0.0
22 silly currentTree +-- isstream@0.1.2
22 silly currentTree +-- jodid25519@1.0.2
22 silly currentTree +-- jquery@2.2.3
22 silly currentTree +-- jsbn@0.1.0
22 silly currentTree +-- jsdom@9.0.0
22 silly currentTree +-- json-schema@0.2.2
22 silly currentTree +-- json-stringify-safe@5.0.1
22 silly currentTree +-- jsonpointer@2.0.0
22 silly currentTree +-- jsprim@1.2.2
22 silly currentTree +-- levn@0.3.0
22 silly currentTree +-- mime-db@1.23.0
22 silly currentTree +-- mime-types@2.1.11
22 silly currentTree +-- node-uuid@1.4.7
22 silly currentTree +-- nwmatcher@1.3.7
22 silly currentTree +-- oauth-sign@0.8.2
22 silly currentTree +-- optionator@0.8.1
22 silly currentTree +-- parse5@1.5.1
22 silly currentTree +-- path@0.12.7
22 silly currentTree +-- pinkie-promise@2.0.1
22 silly currentTree +-- pinkie@2.0.4
22 silly currentTree +-- pluralize@2.0.0
22 silly currentTree +-- prelude-ls@1.1.2
22 silly currentTree +-- process-nextick-args@1.0.7
22 silly currentTree +-- process@0.11.3
22 silly currentTree +-- qs@6.1.0
22 silly currentTree +-- readable-stream@2.0.6
22 silly currentTree +-- request@2.72.0
22 silly currentTree +-- rpgparser@1.0.3
22 silly currentTree +-- sax@1.2.1
22 silly currentTree +-- sntp@1.0.9
22 silly currentTree +-- source-map@0.2.0
22 silly currentTree +-- sshpk@1.8.3
22 silly currentTree | `-- assert-plus@1.0.0
22 silly currentTree +-- string_decoder@0.10.31
22 silly currentTree +-- stringstream@0.0.5
22 silly currentTree +-- strip-ansi@3.0.1
22 silly currentTree +-- supports-color@2.0.0
22 silly currentTree +-- symbol-tree@3.1.4
22 silly currentTree +-- tough-cookie@2.2.2
22 silly currentTree +-- tr46@0.0.3
22 silly currentTree +-- tunnel-agent@0.4.3
22 silly currentTree +-- tweetnacl@0.13.3
22 silly currentTree +-- type-check@0.3.2
22 silly currentTree +-- util-deprecate@1.0.2
22 silly currentTree +-- util@0.10.3
22 silly currentTree +-- verror@1.3.6
22 silly currentTree +-- webidl-conversions@3.0.1
22 silly currentTree +-- whatwg-url@2.0.1
22 silly currentTree +-- wordwrap@1.0.0
22 silly currentTree +-- xml-name-validator@2.0.1
22 silly currentTree `-- xtend@4.0.1
23 silly idealTree parser
23 silly idealTree +-- abab@1.0.3
23 silly idealTree +-- acorn-globals@1.0.9
23 silly idealTree +-- acorn@2.7.0
23 silly idealTree +-- amdefine@1.0.0
23 silly idealTree +-- ansi-regex@2.0.0
23 silly idealTree +-- ansi-styles@2.2.1
23 silly idealTree +-- array-equal@1.0.0
23 silly idealTree +-- asn1@0.2.3
23 silly idealTree +-- assert-plus@0.2.0
23 silly idealTree +-- async@1.5.2
23 silly idealTree +-- aws-sign2@0.6.0
23 silly idealTree +-- aws4@1.4.1
23 silly idealTree +-- bl@1.1.2
23 silly idealTree +-- boom@2.10.1
23 silly idealTree +-- caseless@0.11.0
23 silly idealTree +-- chalk@1.1.3
23 silly idealTree +-- combined-stream@1.0.5
23 silly idealTree +-- commander@2.9.0
23 silly idealTree +-- core-util-is@1.0.2
23 silly idealTree +-- cryptiles@2.0.5
23 silly idealTree +-- cssom@0.3.1
23 silly idealTree +-- cssstyle@0.2.34
23 silly idealTree +-- dashdash@1.13.1
23 silly idealTree | `-- assert-plus@1.0.0
23 silly idealTree +-- deep-is@0.1.3
23 silly idealTree +-- delayed-stream@1.0.0
23 silly idealTree +-- ecc-jsbn@0.1.1
23 silly idealTree +-- escape-string-regexp@1.0.5
23 silly idealTree +-- escodegen@1.8.0
23 silly idealTree +-- esprima@2.7.2
23 silly idealTree +-- estraverse@1.9.3
23 silly idealTree +-- esutils@2.0.2
23 silly idealTree +-- extend@3.0.0
23 silly idealTree +-- extsprintf@1.0.2
23 silly idealTree +-- fast-levenshtein@1.1.3
23 silly idealTree +-- forever-agent@0.6.1
23 silly idealTree +-- form-data@1.0.0-rc4
23 silly idealTree +-- generate-function@2.0.0
23 silly idealTree +-- generate-object-property@1.2.0
23 silly idealTree +-- getpass@0.1.6
23 silly idealTree | `-- assert-plus@1.0.0
23 silly idealTree +-- graceful-readlink@1.0.1
23 silly idealTree +-- har-validator@2.0.6
23 silly idealTree +-- has-ansi@2.0.0
23 silly idealTree +-- hawk@3.1.3
23 silly idealTree +-- hoek@2.16.3
23 silly idealTree +-- http-signature@1.1.1
23 silly idealTree +-- iconv-lite@0.4.13
23 silly idealTree +-- inherits@2.0.1
23 silly idealTree +-- is-my-json-valid@2.13.1
23 silly idealTree +-- is-property@1.0.2
23 silly idealTree +-- is-typedarray@1.0.0
23 silly idealTree +-- isarray@1.0.0
23 silly idealTree +-- isstream@0.1.2
23 silly idealTree +-- jodid25519@1.0.2
23 silly idealTree +-- jquery@2.2.3
23 silly idealTree +-- jsbn@0.1.0
23 silly idealTree +-- jsdom@9.0.0
23 silly idealTree +-- json-schema@0.2.2
23 silly idealTree +-- json-stringify-safe@5.0.1
23 silly idealTree +-- jsonpointer@2.0.0
23 silly idealTree +-- jsprim@1.2.2
23 silly idealTree +-- levn@0.3.0
23 silly idealTree +-- mime-db@1.23.0
23 silly idealTree +-- mime-types@2.1.11
23 silly idealTree +-- node-uuid@1.4.7
23 silly idealTree +-- nwmatcher@1.3.7
23 silly idealTree +-- oauth-sign@0.8.2
23 silly idealTree +-- optionator@0.8.1
23 silly idealTree +-- parse5@1.5.1
23 silly idealTree +-- path@0.12.7
23 silly idealTree +-- pinkie-promise@2.0.1
23 silly idealTree +-- pinkie@2.0.4
23 silly idealTree +-- pluralize@2.0.0
23 silly idealTree +-- prelude-ls@1.1.2
23 silly idealTree +-- process-nextick-args@1.0.7
23 silly idealTree +-- process@0.11.3
23 silly idealTree +-- qs@6.1.0
23 silly idealTree +-- readable-stream@2.0.6
23 silly idealTree +-- request@2.72.0
23 silly idealTree +-- rpgparser@1.0.3
23 silly idealTree +-- sax@1.2.1
23 silly idealTree +-- sntp@1.0.9
23 silly idealTree +-- source-map@0.2.0
23 silly idealTree +-- sshpk@1.8.3
23 silly idealTree | `-- assert-plus@1.0.0
23 silly idealTree +-- string_decoder@0.10.31
23 silly idealTree +-- stringstream@0.0.5
23 silly idealTree +-- strip-ansi@3.0.1
23 silly idealTree +-- supports-color@2.0.0
23 silly idealTree +-- symbol-tree@3.1.4
23 silly idealTree +-- tough-cookie@2.2.2
23 silly idealTree +-- tr46@0.0.3
23 silly idealTree +-- tunnel-agent@0.4.3
23 silly idealTree +-- tweetnacl@0.13.3
23 silly idealTree +-- type-check@0.3.2
23 silly idealTree +-- util-deprecate@1.0.2
23 silly idealTree +-- util@0.10.3
23 silly idealTree +-- verror@1.3.6
23 silly idealTree +-- webidl-conversions@3.0.1
23 silly idealTree +-- whatwg-url@2.0.1
23 silly idealTree +-- wordwrap@1.0.0
23 silly idealTree +-- xml-name-validator@2.0.1
23 silly idealTree `-- xtend@4.0.1
24 silly generateActionsToTake Starting
25 silly install generateActionsToTake
26 silly rollbackFailedOptional Starting
27 silly rollbackFailedOptional Finishing
28 silly runTopLevelLifecycles Starting
29 silly runTopLevelLifecycles Finishing
30 silly install printInstalled
31 verbose stack Error: D:\github\heresyworld\parser\node_modules\rpgparser: Appears to be a git repo or submodule.
31 verbose stack     at C:\Program Files\nodejs\node_modules\npm\node_modules\npm-install-checks\index.js:137:15
31 verbose stack     at FSReqWrap.oncomplete (fs.js:82:15)
32 verbose cwd D:\github\heresyworld\parser
33 error Windows_NT 10.0.10586
34 error argv "C:\\Program Files\\nodejs\\node.exe" "C:\\Program Files\\nodejs\\node_modules\\npm\\bin\\npm-cli.js" "install"
35 error node v4.2.1
36 error npm  v3.8.2
37 error path D:\github\heresyworld\parser\node_modules\rpgparser
38 error code EISGIT
39 error git D:\github\heresyworld\parser\node_modules\rpgparser: Appears to be a git repo or submodule.
40 error git D:\github\heresyworld\parser\node_modules\rpgparser
41 error git Refusing to remove it. Update manually,
41 error git or move it out of the way first.
42 verbose exit [ 1, true ]
